\BOOKMARK [0][-]{chapter.1}{IstZustand}{}% 1
\BOOKMARK [0][-]{chapter.2}{SollZustand}{}% 2
\BOOKMARK [0][-]{chapter.3}{Verwendete Technologien}{}% 3
\BOOKMARK [1][-]{section.3.1}{Over The Air Update}{chapter.3}% 4
\BOOKMARK [1][-]{section.3.2}{Mesh Netzwerk}{chapter.3}% 5
\BOOKMARK [1][-]{section.3.3}{Nodejs}{chapter.3}% 6
\BOOKMARK [1][-]{section.3.4}{Platform IO}{chapter.3}% 7
\BOOKMARK [1][-]{section.3.5}{Docker}{chapter.3}% 8
\BOOKMARK [1][-]{section.3.6}{Docker Compose}{chapter.3}% 9
\BOOKMARK [1][-]{section.3.7}{ESP IDF Utility lib}{chapter.3}% 10
\BOOKMARK [1][-]{section.3.8}{React}{chapter.3}% 11
\BOOKMARK [1][-]{section.3.9}{Yarn}{chapter.3}% 12
\BOOKMARK [1][-]{section.3.10}{Webpack}{chapter.3}% 13
\BOOKMARK [0][-]{chapter.4}{Ausgew\344hlte Aspekte}{}% 14
\BOOKMARK [1][-]{section.4.1}{NGINX sichern mit letsencrypt}{chapter.4}% 15
\BOOKMARK [1][-]{section.4.2}{EspWifiManager Implementation}{chapter.4}% 16
\BOOKMARK [1][-]{section.4.3}{Die Wichtigkeit von Erase Flash}{chapter.4}% 17
\BOOKMARK [1][-]{section.4.4}{ELF vs Bin}{chapter.4}% 18
\BOOKMARK [0][-]{chapter.5}{Summary}{}% 19
\BOOKMARK [0][-]{appendix.A}{Additional Information}{}% 20
\BOOKMARK [0][-]{appendix.B}{Individual Goals}{}% 21
